2011/07/03 20:46:13 [error] [system.db.CDbCommand] CDbCommand::fetchAll() failed: SQLSTATE[42S02]: Base table or view not found: 1146 Table 'ninjalearning_dev.users' doesn't exist. The SQL statement executed was: SHOW COLUMNS FROM `users`.
in /var/www/ninjalearning/index.php (13)
2011/07/03 20:46:56 [error] [system.db.CDbCommand] CDbCommand::fetchAll() failed: SQLSTATE[42S02]: Base table or view not found: 1146 Table 'ninjalearning_dev.users' doesn't exist. The SQL statement executed was: SHOW COLUMNS FROM `users`.
in /var/www/ninjalearning/index.php (13)
2011/07/03 20:47:57 [error] [system.db.CDbCommand] CDbCommand::fetchAll() failed: SQLSTATE[42S02]: Base table or view not found: 1146 Table 'ninjalearning_dev.users' doesn't exist. The SQL statement executed was: SHOW COLUMNS FROM `users`.
in /var/www/ninjalearning/index.php (13)
2011/07/04 20:31:40 [error] [exception.CHttpException.400] exception 'CHttpException' with message 'Your request is invalid.' in /var/www/yii/framework/web/CController.php:328
Stack trace:
#0 /var/www/yii/framework/web/CController.php(301): CController->invalidActionParams(Object(CInlineAction))
#1 /var/www/yii/framework/web/filters/CFilterChain.php(134): CController->runAction(Object(CInlineAction))
#2 /var/www/yii/framework/web/filters/CFilter.php(41): CFilterChain->run()
#3 /var/www/yii/framework/web/CController.php(1144): CFilter->filter(Object(CFilterChain))
#4 /var/www/yii/framework/web/filters/CInlineFilter.php(59): CController->filterAccessControl(Object(CFilterChain))
#5 /var/www/yii/framework/web/filters/CFilterChain.php(131): CInlineFilter->filter(Object(CFilterChain))
#6 /var/www/yii/framework/web/CController.php(283): CFilterChain->run()
#7 /var/www/yii/framework/web/CController.php(257): CController->runActionWithFilters(Object(CInlineAction), Array)
#8 /var/www/yii/framework/web/CWebApplication.php(277): CController->run('view')
#9 /var/www/yii/framework/web/CWebApplication.php(136): CWebApplication->runController('user/view')
#10 /var/www/yii/framework/base/CApplication.php(158): CWebApplication->processRequest()
#11 /var/www/ninjalearning/index.php(13): CApplication->run()
#12 {main} REQUEST_URI=/ninjalearning/index.php?r=user/view
2011/07/04 20:32:26 [error] [exception.CHttpException.404] exception 'CHttpException' with message 'Unable to resolve the request "tut".' in /var/www/yii/framework/web/CWebApplication.php:281
Stack trace:
#0 /var/www/yii/framework/web/CWebApplication.php(136): CWebApplication->runController('tut')
#1 /var/www/yii/framework/base/CApplication.php(158): CWebApplication->processRequest()
#2 /var/www/ninjalearning/index.php(13): CApplication->run()
#3 {main} REQUEST_URI=/ninjalearning/index.php?r=tut
2011/07/04 21:57:53 [error] [php] include(CHhtml.php) [<a href='function.include'>function.include</a>]: failed to open stream: No such file or directory (/var/www/yii/framework/YiiBase.php:421)
Stack trace:
#0 /var/www/ninjalearning/protected/views/site/index.php(6): spl_autoload_call()
#1 /var/www/yii/framework/web/CBaseController.php(119): require()
#2 /var/www/yii/framework/web/CBaseController.php(88): SiteController->renderInternal()
#3 /var/www/yii/framework/web/CController.php(866): SiteController->renderFile()
#4 /var/www/yii/framework/web/CController.php(779): SiteController->renderPartial()
#5 /var/www/ninjalearning/protected/controllers/SiteController.php(32): SiteController->render()
#6 /var/www/yii/framework/web/actions/CInlineAction.php(50): SiteController->actionIndex()
#7 /var/www/yii/framework/web/CController.php(300): CInlineAction->runWithParams()
#8 /var/www/yii/framework/web/CController.php(278): SiteController->runAction()
#9 /var/www/yii/framework/web/CController.php(257): SiteController->runActionWithFilters()
#10 /var/www/yii/framework/web/CWebApplication.php(277): SiteController->run()
#11 /var/www/yii/framework/web/CWebApplication.php(136): CWebApplication->runController()
#12 /var/www/yii/framework/base/CApplication.php(158): CWebApplication->processRequest()
#13 /var/www/ninjalearning/index.php(13): CWebApplication->run()
REQUEST_URI=/ninjalearning/
in /var/www/ninjalearning/protected/views/site/index.php (6)
in /var/www/ninjalearning/protected/controllers/SiteController.php (32)
in /var/www/ninjalearning/index.php (13)
2011/07/04 21:58:40 [error] [php] include(CHhtml.php) [<a href='function.include'>function.include</a>]: failed to open stream: No such file or directory (/var/www/yii/framework/YiiBase.php:421)
Stack trace:
#0 /var/www/ninjalearning/protected/views/site/index.php(6): spl_autoload_call()
#1 /var/www/yii/framework/web/CBaseController.php(119): require()
#2 /var/www/yii/framework/web/CBaseController.php(88): SiteController->renderInternal()
#3 /var/www/yii/framework/web/CController.php(866): SiteController->renderFile()
#4 /var/www/yii/framework/web/CController.php(779): SiteController->renderPartial()
#5 /var/www/ninjalearning/protected/controllers/SiteController.php(32): SiteController->render()
#6 /var/www/yii/framework/web/actions/CInlineAction.php(50): SiteController->actionIndex()
#7 /var/www/yii/framework/web/CController.php(300): CInlineAction->runWithParams()
#8 /var/www/yii/framework/web/CController.php(278): SiteController->runAction()
#9 /var/www/yii/framework/web/CController.php(257): SiteController->runActionWithFilters()
#10 /var/www/yii/framework/web/CWebApplication.php(277): SiteController->run()
#11 /var/www/yii/framework/web/CWebApplication.php(136): CWebApplication->runController()
#12 /var/www/yii/framework/base/CApplication.php(158): CWebApplication->processRequest()
#13 /var/www/ninjalearning/index.php(13): CWebApplication->run()
REQUEST_URI=/ninjalearning/
in /var/www/ninjalearning/protected/views/site/index.php (6)
in /var/www/ninjalearning/protected/controllers/SiteController.php (32)
in /var/www/ninjalearning/index.php (13)
2011/07/04 21:59:41 [error] [php] include(CHhtml.php) [<a href='function.include'>function.include</a>]: failed to open stream: No such file or directory (/var/www/yii/framework/YiiBase.php:421)
Stack trace:
#0 /var/www/ninjalearning/protected/views/site/index.php(7): spl_autoload_call()
#1 /var/www/yii/framework/web/CBaseController.php(119): require()
#2 /var/www/yii/framework/web/CBaseController.php(88): SiteController->renderInternal()
#3 /var/www/yii/framework/web/CController.php(866): SiteController->renderFile()
#4 /var/www/yii/framework/web/CController.php(779): SiteController->renderPartial()
#5 /var/www/ninjalearning/protected/controllers/SiteController.php(32): SiteController->render()
#6 /var/www/yii/framework/web/actions/CInlineAction.php(50): SiteController->actionIndex()
#7 /var/www/yii/framework/web/CController.php(300): CInlineAction->runWithParams()
#8 /var/www/yii/framework/web/CController.php(278): SiteController->runAction()
#9 /var/www/yii/framework/web/CController.php(257): SiteController->runActionWithFilters()
#10 /var/www/yii/framework/web/CWebApplication.php(277): SiteController->run()
#11 /var/www/yii/framework/web/CWebApplication.php(136): CWebApplication->runController()
#12 /var/www/yii/framework/base/CApplication.php(158): CWebApplication->processRequest()
#13 /var/www/ninjalearning/index.php(13): CWebApplication->run()
REQUEST_URI=/ninjalearning/
in /var/www/ninjalearning/protected/views/site/index.php (7)
in /var/www/ninjalearning/protected/controllers/SiteController.php (32)
in /var/www/ninjalearning/index.php (13)
2011/07/13 23:38:11 [error] [php] Undefined index: text (/var/www/ninjalearning/protected/models/Tutorial.php:123)
Stack trace:
#0 /var/www/yii/framework/web/actions/CInlineAction.php(50): TutorialController->actionCreate()
#1 /var/www/yii/framework/web/CController.php(300): CInlineAction->runWithParams()
#2 /var/www/yii/framework/web/filters/CFilterChain.php(134): TutorialController->runAction()
#3 /var/www/yii/framework/web/filters/CFilter.php(41): CFilterChain->run()
#4 /var/www/yii/framework/web/CController.php(1144): CAccessControlFilter->filter()
#5 /var/www/yii/framework/web/filters/CInlineFilter.php(59): TutorialController->filterAccessControl()
#6 /var/www/yii/framework/web/filters/CFilterChain.php(131): CInlineFilter->filter()
#7 /var/www/yii/framework/web/CController.php(283): CFilterChain->run()
#8 /var/www/yii/framework/web/CController.php(257): TutorialController->runActionWithFilters()
#9 /var/www/yii/framework/web/CWebApplication.php(277): TutorialController->run()
#10 /var/www/yii/framework/web/CWebApplication.php(136): CWebApplication->runController()
#11 /var/www/yii/framework/base/CApplication.php(158): CWebApplication->processRequest()
#12 /var/www/ninjalearning/index.php(13): CWebApplication->run()
REQUEST_URI=/ninjalearning/index.php?r=tutorial/create
in /var/www/ninjalearning/protected/models/Tutorial.php (123)
in /var/www/ninjalearning/protected/models/Tutorial.php (137)
in /var/www/ninjalearning/protected/controllers/TutorialController.php (74)
2011/07/13 23:44:44 [error] [exception.CHttpException.404] exception 'CHttpException' with message 'Unable to resolve the request "chapters".' in /var/www/yii/framework/web/CWebApplication.php:281
Stack trace:
#0 /var/www/yii/framework/web/CWebApplication.php(136): CWebApplication->runController('chapters')
#1 /var/www/yii/framework/base/CApplication.php(158): CWebApplication->processRequest()
#2 /var/www/ninjalearning/index.php(13): CApplication->run()
#3 {main} REQUEST_URI=/ninjalearning/index.php?r=chapters
2011/07/13 23:45:16 [error] [exception.CHttpException.404] exception 'CHttpException' with message 'Unable to resolve the request "chapters".' in /var/www/yii/framework/web/CWebApplication.php:281
Stack trace:
#0 /var/www/yii/framework/web/CWebApplication.php(136): CWebApplication->runController('chapters')
#1 /var/www/yii/framework/base/CApplication.php(158): CWebApplication->processRequest()
#2 /var/www/ninjalearning/index.php(13): CApplication->run()
#3 {main} REQUEST_URI=/ninjalearning/index.php?r=chapters
2011/07/13 23:56:10 [error] [php] file_get_contents(http://www.yiiframework.com/doc/guide/) [<a href='function.file-get-contents'>function.file-get-contents</a>]: failed to open stream: HTTP request failed! HTTP/1.1 400 Bad Request
 (/var/www/ninjalearning/protected/models/WebCrawler.php:101)
Stack trace:
#0 /var/www/ninjalearning/protected/models/WebCrawler.php(179): WebCrawler->getATags()
#1 /var/www/ninjalearning/protected/models/Tutorial.php(117): WebCrawler->getSubLinks()
#2 /var/www/ninjalearning/protected/models/Tutorial.php(150): Tutorial->tutorialWebCrawler()
#3 /var/www/ninjalearning/protected/controllers/TutorialController.php(74): Tutorial->save()
#4 /var/www/yii/framework/web/actions/CInlineAction.php(50): TutorialController->actionCreate()
#5 /var/www/yii/framework/web/CController.php(300): CInlineAction->runWithParams()
#6 /var/www/yii/framework/web/filters/CFilterChain.php(134): TutorialController->runAction()
#7 /var/www/yii/framework/web/filters/CFilter.php(41): CFilterChain->run()
#8 /var/www/yii/framework/web/CController.php(1144): CAccessControlFilter->filter()
#9 /var/www/yii/framework/web/filters/CInlineFilter.php(59): TutorialController->filterAccessControl()
#10 /var/www/yii/framework/web/filters/CFilterChain.php(131): CInlineFilter->filter()
#11 /var/www/yii/framework/web/CController.php(283): CFilterChain->run()
#12 /var/www/yii/framework/web/CController.php(257): TutorialController->runActionWithFilters()
#13 /var/www/yii/framework/web/CWebApplication.php(277): TutorialController->run()
#14 /var/www/yii/framework/web/CWebApplication.php(136): CWebApplication->runController()
#15 /var/www/yii/framework/base/CApplication.php(158): CWebApplication->processRequest()
#16 /var/www/ninjalearning/index.php(13): CWebApplication->run()
REQUEST_URI=/ninjalearning/index.php?r=tutorial/create
in /var/www/ninjalearning/protected/models/WebCrawler.php (101)
in /var/www/ninjalearning/protected/models/WebCrawler.php (133)
in /var/www/ninjalearning/protected/models/WebCrawler.php (179)
2011/08/03 15:14:16 [error] [exception.Exception] exception 'Exception' with message 'Error saving Tutorial: array (
  'user_id' => 
  array (
    0 => 'User cannot be blank.',
  ),
)' in /var/www/ninjalearning/protected/models/Tutorial.php:150
Stack trace:
#0 /var/www/ninjalearning/protected/controllers/TutorialController.php(74): Tutorial->save()
#1 /var/www/yii/framework/web/actions/CInlineAction.php(50): TutorialController->actionCreate()
#2 /var/www/yii/framework/web/CController.php(300): CInlineAction->runWithParams(Array)
#3 /var/www/yii/framework/web/filters/CFilterChain.php(134): CController->runAction(Object(CInlineAction))
#4 /var/www/yii/framework/web/filters/CFilter.php(41): CFilterChain->run()
#5 /var/www/yii/framework/web/CController.php(1144): CFilter->filter(Object(CFilterChain))
#6 /var/www/yii/framework/web/filters/CInlineFilter.php(59): CController->filterAccessControl(Object(CFilterChain))
#7 /var/www/yii/framework/web/filters/CFilterChain.php(131): CInlineFilter->filter(Object(CFilterChain))
#8 /var/www/yii/framework/web/CController.php(283): CFilterChain->run()
#9 /var/www/yii/framework/web/CController.php(257): CController->runActionWithFilters(Object(CInlineAction), Array)
#10 /var/www/yii/framework/web/CWebApplication.php(277): CController->run('create')
#11 /var/www/yii/framework/web/CWebApplication.php(136): CWebApplication->runController('tutorial/create')
#12 /var/www/yii/framework/base/CApplication.php(158): CWebApplication->processRequest()
#13 /var/www/ninjalearning/index.php(13): CApplication->run()
#14 {main} REQUEST_URI=/ninjalearning/index.php?r=tutorial/create
2011/08/03 15:16:09 [error] [exception.Exception] exception 'Exception' with message 'Error saving Tutorial: array (
  'accessed' => 
  array (
    0 => 'Accessed cannot be blank.',
  ),
  'created_at' => 
  array (
    0 => 'Created At cannot be blank.',
  ),
)' in /var/www/ninjalearning/protected/models/Tutorial.php:152
Stack trace:
#0 /var/www/ninjalearning/protected/controllers/TutorialController.php(74): Tutorial->save()
#1 /var/www/yii/framework/web/actions/CInlineAction.php(50): TutorialController->actionCreate()
#2 /var/www/yii/framework/web/CController.php(300): CInlineAction->runWithParams(Array)
#3 /var/www/yii/framework/web/filters/CFilterChain.php(134): CController->runAction(Object(CInlineAction))
#4 /var/www/yii/framework/web/filters/CFilter.php(41): CFilterChain->run()
#5 /var/www/yii/framework/web/CController.php(1144): CFilter->filter(Object(CFilterChain))
#6 /var/www/yii/framework/web/filters/CInlineFilter.php(59): CController->filterAccessControl(Object(CFilterChain))
#7 /var/www/yii/framework/web/filters/CFilterChain.php(131): CInlineFilter->filter(Object(CFilterChain))
#8 /var/www/yii/framework/web/CController.php(283): CFilterChain->run()
#9 /var/www/yii/framework/web/CController.php(257): CController->runActionWithFilters(Object(CInlineAction), Array)
#10 /var/www/yii/framework/web/CWebApplication.php(277): CController->run('create')
#11 /var/www/yii/framework/web/CWebApplication.php(136): CWebApplication->runController('tutorial/create')
#12 /var/www/yii/framework/base/CApplication.php(158): CWebApplication->processRequest()
#13 /var/www/ninjalearning/index.php(13): CApplication->run()
#14 {main} REQUEST_URI=/ninjalearning/index.php?r=tutorial/create
2011/08/03 15:17:55 [error] [exception.CHttpException.404] exception 'CHttpException' with message 'Unable to resolve the request "c".' in /var/www/yii/framework/web/CWebApplication.php:281
Stack trace:
#0 /var/www/yii/framework/web/CWebApplication.php(136): CWebApplication->runController('c')
#1 /var/www/yii/framework/base/CApplication.php(158): CWebApplication->processRequest()
#2 /var/www/ninjalearning/index.php(13): CApplication->run()
#3 {main} REQUEST_URI=/ninjalearning/index.php?r=c
2011/08/03 15:17:55 [error] [exception.CHttpException.404] exception 'CHttpException' with message 'Unable to resolve the request "ch".' in /var/www/yii/framework/web/CWebApplication.php:281
Stack trace:
#0 /var/www/yii/framework/web/CWebApplication.php(136): CWebApplication->runController('ch')
#1 /var/www/yii/framework/base/CApplication.php(158): CWebApplication->processRequest()
#2 /var/www/ninjalearning/index.php(13): CApplication->run()
#3 {main} REQUEST_URI=/ninjalearning/index.php?r=ch
2011/08/03 15:17:55 [error] [exception.CHttpException.404] exception 'CHttpException' with message 'Unable to resolve the request "chap".' in /var/www/yii/framework/web/CWebApplication.php:281
Stack trace:
#0 /var/www/yii/framework/web/CWebApplication.php(136): CWebApplication->runController('chap')
#1 /var/www/yii/framework/base/CApplication.php(158): CWebApplication->processRequest()
#2 /var/www/ninjalearning/index.php(13): CApplication->run()
#3 {main} REQUEST_URI=/ninjalearning/index.php?r=chap
2011/08/03 15:17:56 [error] [exception.CHttpException.404] exception 'CHttpException' with message 'Unable to resolve the request "chapters".' in /var/www/yii/framework/web/CWebApplication.php:281
Stack trace:
#0 /var/www/yii/framework/web/CWebApplication.php(136): CWebApplication->runController('chapters')
#1 /var/www/yii/framework/base/CApplication.php(158): CWebApplication->processRequest()
#2 /var/www/ninjalearning/index.php(13): CApplication->run()
#3 {main} REQUEST_URI=/ninjalearning/index.php?r=chapters
